[debug] [2023-07-13T08:17:18.699Z] ----------------------------------------------------------------------
[debug] [2023-07-13T08:17:18.712Z] Command:       C:\Users\PC\.nvm\versions\node\v18.16.0\bin\node.exe C:\Users\PC\.nvm\versions\node\v18.16.0\bin\node_modules\firebase-tools\lib\bin\firebase.js deploy --only functions
[debug] [2023-07-13T08:17:18.717Z] CLI Version:   12.4.2
[debug] [2023-07-13T08:17:18.719Z] Platform:      win32
[debug] [2023-07-13T08:17:18.720Z] Node Version:  v18.16.0
[debug] [2023-07-13T08:17:18.724Z] Time:          Thu Jul 13 2023 10:17:18 GMT+0200 (South Africa Standard Time)
[debug] [2023-07-13T08:17:18.724Z] ----------------------------------------------------------------------
[debug] 
[debug] [2023-07-13T08:17:18.838Z] >>> [apiv2][query] GET https://firebase-public.firebaseio.com/cli.json [none]
[debug] [2023-07-13T08:17:19.522Z] > command requires scopes: ["email","openid","https://www.googleapis.com/auth/cloudplatformprojects.readonly","https://www.googleapis.com/auth/firebase","https://www.googleapis.com/auth/cloud-platform"]
[debug] [2023-07-13T08:17:19.523Z] > authorizing via signed-in user (brightl.dev@gmail.com)
[debug] [2023-07-13T08:17:19.523Z] [iam] checking project truckers-95774 for permissions ["cloudfunctions.functions.create","cloudfunctions.functions.delete","cloudfunctions.functions.get","cloudfunctions.functions.list","cloudfunctions.functions.update","cloudfunctions.operations.get","firebase.projects.get"]
[debug] [2023-07-13T08:17:19.525Z] > refreshing access token with scopes: []
[debug] [2023-07-13T08:17:19.526Z] >>> [apiv2][query] POST https://www.googleapis.com/oauth2/v3/token [none]
[debug] [2023-07-13T08:17:19.527Z] >>> [apiv2][body] POST https://www.googleapis.com/oauth2/v3/token [omitted]
[debug] [2023-07-13T08:17:20.394Z] <<< [apiv2][status] POST https://www.googleapis.com/oauth2/v3/token 200
[debug] [2023-07-13T08:17:20.395Z] <<< [apiv2][body] POST https://www.googleapis.com/oauth2/v3/token [omitted]
[debug] [2023-07-13T08:17:20.702Z] >>> [apiv2][query] POST https://cloudresourcemanager.googleapis.com/v1/projects/truckers-95774:testIamPermissions [none]
[debug] [2023-07-13T08:17:20.703Z] >>> [apiv2][(partial)header] POST https://cloudresourcemanager.googleapis.com/v1/projects/truckers-95774:testIamPermissions x-goog-quota-user=projects/truckers-95774
[debug] [2023-07-13T08:17:20.703Z] >>> [apiv2][body] POST https://cloudresourcemanager.googleapis.com/v1/projects/truckers-95774:testIamPermissions {"permissions":["cloudfunctions.functions.create","cloudfunctions.functions.delete","cloudfunctions.functions.get","cloudfunctions.functions.list","cloudfunctions.functions.update","cloudfunctions.operations.get","firebase.projects.get"]}
[debug] [2023-07-13T08:17:20.709Z] <<< [apiv2][status] GET https://firebase-public.firebaseio.com/cli.json 200
[debug] [2023-07-13T08:17:20.709Z] <<< [apiv2][body] GET https://firebase-public.firebaseio.com/cli.json {"cloudBuildErrorAfter":1594252800000,"cloudBuildWarnAfter":1590019200000,"defaultNode10After":1594252800000,"minVersion":"3.0.5","node8DeploysDisabledAfter":1613390400000,"node8RuntimeDisabledAfter":1615809600000,"node8WarnAfter":1600128000000}
[debug] [2023-07-13T08:17:23.174Z] <<< [apiv2][status] POST https://cloudresourcemanager.googleapis.com/v1/projects/truckers-95774:testIamPermissions 200
[debug] [2023-07-13T08:17:23.175Z] <<< [apiv2][body] POST https://cloudresourcemanager.googleapis.com/v1/projects/truckers-95774:testIamPermissions {"permissions":["cloudfunctions.functions.create","cloudfunctions.functions.delete","cloudfunctions.functions.get","cloudfunctions.functions.list","cloudfunctions.functions.update","cloudfunctions.operations.get","firebase.projects.get"]}
[debug] [2023-07-13T08:17:23.175Z] >>> [apiv2][query] POST https://iam.googleapis.com/v1/projects/truckers-95774/serviceAccounts/truckers-95774@appspot.gserviceaccount.com:testIamPermissions [none]
[debug] [2023-07-13T08:17:23.176Z] >>> [apiv2][body] POST https://iam.googleapis.com/v1/projects/truckers-95774/serviceAccounts/truckers-95774@appspot.gserviceaccount.com:testIamPermissions {"permissions":["iam.serviceAccounts.actAs"]}
[debug] [2023-07-13T08:17:25.286Z] <<< [apiv2][status] POST https://iam.googleapis.com/v1/projects/truckers-95774/serviceAccounts/truckers-95774@appspot.gserviceaccount.com:testIamPermissions 200
[debug] [2023-07-13T08:17:25.287Z] <<< [apiv2][body] POST https://iam.googleapis.com/v1/projects/truckers-95774/serviceAccounts/truckers-95774@appspot.gserviceaccount.com:testIamPermissions {"permissions":["iam.serviceAccounts.actAs"]}
[info] 
[info] === Deploying to 'truckers-95774'...
[info] 
[info] i  deploying functions 
[info] Running command: npm --prefix "$RESOURCE_DIR" run lint
[info] +  functions: Finished running predeploy script. 
[debug] [2023-07-13T08:18:47.700Z] >>> [apiv2][query] GET https://firebase.googleapis.com/v1beta1/projects/truckers-95774 [none]
[debug] [2023-07-13T08:18:48.559Z] <<< [apiv2][status] GET https://firebase.googleapis.com/v1beta1/projects/truckers-95774 200
[debug] [2023-07-13T08:18:48.559Z] <<< [apiv2][body] GET https://firebase.googleapis.com/v1beta1/projects/truckers-95774 {"projectId":"truckers-95774","projectNumber":"1073817008230","displayName":"Truckers","name":"projects/truckers-95774","resources":{"hostingSite":"truckers-95774","realtimeDatabaseInstance":"truckers-95774-default-rtdb","storageBucket":"truckers-95774.appspot.com","locationId":"us-central"},"state":"ACTIVE","etag":"1_a400a5b3-9139-448d-a1f2-0e3b565f82a5"}
[info] i  functions: preparing codebase default for deployment 
[info] i  functions: ensuring required API cloudfunctions.googleapis.com is enabled... 
[info] i  functions: ensuring required API cloudbuild.googleapis.com is enabled... 
[info] i  artifactregistry: ensuring required API artifactregistry.googleapis.com is enabled... 
[debug] [2023-07-13T08:18:48.569Z] >>> [apiv2][query] GET https://serviceusage.googleapis.com/v1/projects/truckers-95774/services/cloudfunctions.googleapis.com [none]
[debug] [2023-07-13T08:18:48.569Z] >>> [apiv2][(partial)header] GET https://serviceusage.googleapis.com/v1/projects/truckers-95774/services/cloudfunctions.googleapis.com x-goog-quota-user=projects/truckers-95774
[debug] [2023-07-13T08:18:48.573Z] >>> [apiv2][query] GET https://serviceusage.googleapis.com/v1/projects/truckers-95774/services/runtimeconfig.googleapis.com [none]
[debug] [2023-07-13T08:18:48.574Z] >>> [apiv2][(partial)header] GET https://serviceusage.googleapis.com/v1/projects/truckers-95774/services/runtimeconfig.googleapis.com x-goog-quota-user=projects/truckers-95774
[debug] [2023-07-13T08:18:48.576Z] >>> [apiv2][query] GET https://serviceusage.googleapis.com/v1/projects/truckers-95774/services/cloudbuild.googleapis.com [none]
[debug] [2023-07-13T08:18:48.576Z] >>> [apiv2][(partial)header] GET https://serviceusage.googleapis.com/v1/projects/truckers-95774/services/cloudbuild.googleapis.com x-goog-quota-user=projects/truckers-95774
[debug] [2023-07-13T08:18:48.579Z] >>> [apiv2][query] GET https://serviceusage.googleapis.com/v1/projects/truckers-95774/services/artifactregistry.googleapis.com [none]
[debug] [2023-07-13T08:18:48.579Z] >>> [apiv2][(partial)header] GET https://serviceusage.googleapis.com/v1/projects/truckers-95774/services/artifactregistry.googleapis.com x-goog-quota-user=projects/truckers-95774
[debug] [2023-07-13T08:18:50.823Z] <<< [apiv2][status] GET https://serviceusage.googleapis.com/v1/projects/truckers-95774/services/cloudfunctions.googleapis.com 200
[debug] [2023-07-13T08:18:50.824Z] <<< [apiv2][body] GET https://serviceusage.googleapis.com/v1/projects/truckers-95774/services/cloudfunctions.googleapis.com [omitted]
[info] +  functions: required API cloudfunctions.googleapis.com is enabled 
[debug] [2023-07-13T08:18:50.912Z] <<< [apiv2][status] GET https://serviceusage.googleapis.com/v1/projects/truckers-95774/services/cloudbuild.googleapis.com 200
[debug] [2023-07-13T08:18:50.912Z] <<< [apiv2][body] GET https://serviceusage.googleapis.com/v1/projects/truckers-95774/services/cloudbuild.googleapis.com [omitted]
[info] +  functions: required API cloudbuild.googleapis.com is enabled 
[debug] [2023-07-13T08:18:50.940Z] <<< [apiv2][status] GET https://serviceusage.googleapis.com/v1/projects/truckers-95774/services/runtimeconfig.googleapis.com 200
[debug] [2023-07-13T08:18:50.941Z] <<< [apiv2][body] GET https://serviceusage.googleapis.com/v1/projects/truckers-95774/services/runtimeconfig.googleapis.com [omitted]
[debug] [2023-07-13T08:18:50.968Z] <<< [apiv2][status] GET https://serviceusage.googleapis.com/v1/projects/truckers-95774/services/artifactregistry.googleapis.com 200
[debug] [2023-07-13T08:18:50.969Z] <<< [apiv2][body] GET https://serviceusage.googleapis.com/v1/projects/truckers-95774/services/artifactregistry.googleapis.com [omitted]
[info] +  artifactregistry: required API artifactregistry.googleapis.com is enabled 
[debug] [2023-07-13T08:18:50.971Z] >>> [apiv2][query] GET https://firebase.googleapis.com/v1beta1/projects/truckers-95774/adminSdkConfig [none]
[debug] [2023-07-13T08:18:51.823Z] <<< [apiv2][status] GET https://firebase.googleapis.com/v1beta1/projects/truckers-95774/adminSdkConfig 200
[debug] [2023-07-13T08:18:51.823Z] <<< [apiv2][body] GET https://firebase.googleapis.com/v1beta1/projects/truckers-95774/adminSdkConfig {"projectId":"truckers-95774","databaseURL":"https://truckers-95774-default-rtdb.firebaseio.com","storageBucket":"truckers-95774.appspot.com","locationId":"us-central"}
[debug] [2023-07-13T08:18:51.824Z] >>> [apiv2][query] GET https://runtimeconfig.googleapis.com/v1beta1/projects/truckers-95774/configs [none]
[debug] [2023-07-13T08:18:52.891Z] <<< [apiv2][status] GET https://runtimeconfig.googleapis.com/v1beta1/projects/truckers-95774/configs 200
[debug] [2023-07-13T08:18:52.891Z] <<< [apiv2][body] GET https://runtimeconfig.googleapis.com/v1beta1/projects/truckers-95774/configs {}
[debug] [2023-07-13T08:18:52.893Z] Validating nodejs source
[debug] [2023-07-13T08:18:58.356Z] > [functions] package.json contents: {
  "name": "functions",
  "description": "Cloud Functions for Firebase",
  "scripts": {
    "lint": "eslint .",
    "serve": "firebase emulators:start --only functions",
    "shell": "firebase functions:shell",
    "start": "npm run shell",
    "deploy": "firebase deploy --only functions",
    "logs": "firebase functions:log"
  },
  "engines": {
    "node": "18"
  },
  "main": "index.js",
  "dependencies": {
    "firebase-admin": "^11.8.0",
    "firebase-functions": "^4.3.1"
  },
  "devDependencies": {
    "eslint": "^8.15.0",
    "eslint-config-google": "^0.14.0",
    "firebase-functions-test": "^3.1.0"
  },
  "private": true
}
[debug] [2023-07-13T08:18:58.356Z] Building nodejs source
[info] i  functions: Loading and anaylzing source code for codebase default to determine what to deploy 
[debug] [2023-07-13T08:18:58.359Z] Could not find functions.yaml. Must use http discovery
[debug] [2023-07-13T08:18:58.549Z] Found firebase-functions binary at 'C:\Users\PC\Documents\CODE\Truckers\truckersbs\functions\node_modules\.bin\firebase-functions'
[debug] [2023-07-13T08:19:06.198Z] Failed to call quitquitquit. This often means the server failed to start request to http://localhost:8020/__/quitquitquit failed, reason: connect ECONNREFUSED ::1:8020 {"message":"request to http://localhost:8020/__/quitquitquit failed, reason: connect ECONNREFUSED ::1:8020","type":"system","errno":"ECONNREFUSED","code":"ECONNREFUSED"}
[info] Serving at port 8020

[debug] [2023-07-13T08:19:16.246Z] FetchError: request to http://127.0.0.1:8020/__/functions.yaml failed, reason: Parse Error: Expected HTTP/
    at ClientRequest.<anonymous> (C:\Users\PC\.nvm\versions\node\v18.16.0\bin\node_modules\firebase-tools\node_modules\node-fetch\lib\index.js:1505:11)
    at ClientRequest.emit (node:events:513:28)
    at ClientRequest.emit (node:domain:489:12)
    at Socket.socketOnData (node:_http_client:551:9)
    at Socket.emit (node:events:513:28)
    at Socket.emit (node:domain:489:12)
    at addChunk (node:internal/streams/readable:324:12)
    at readableAddChunk (node:internal/streams/readable:297:9)
    at Readable.push (node:internal/streams/readable:234:10)
    at TCP.onStreamRead (node:internal/stream_base_commons:190:23)
[error] 
[error] Error: An unexpected error has occurred.
[debug] [2023-07-13T08:22:14.571Z] ----------------------------------------------------------------------
[debug] [2023-07-13T08:22:14.576Z] Command:       C:\Users\PC\.nvm\versions\node\v18.16.0\bin\node.exe C:\Users\PC\.nvm\versions\node\v18.16.0\bin\node_modules\firebase-tools\lib\bin\firebase.js deploy --only functions
[debug] [2023-07-13T08:22:14.577Z] CLI Version:   12.4.2
[debug] [2023-07-13T08:22:14.577Z] Platform:      win32
[debug] [2023-07-13T08:22:14.578Z] Node Version:  v18.16.0
[debug] [2023-07-13T08:22:14.580Z] Time:          Thu Jul 13 2023 10:22:14 GMT+0200 (South Africa Standard Time)
[debug] [2023-07-13T08:22:14.580Z] ----------------------------------------------------------------------
[debug] 
[debug] [2023-07-13T08:22:14.724Z] > command requires scopes: ["email","openid","https://www.googleapis.com/auth/cloudplatformprojects.readonly","https://www.googleapis.com/auth/firebase","https://www.googleapis.com/auth/cloud-platform"]
[debug] [2023-07-13T08:22:14.725Z] > authorizing via signed-in user (brightl.dev@gmail.com)
[debug] [2023-07-13T08:22:14.726Z] [iam] checking project truckers-95774 for permissions ["cloudfunctions.functions.create","cloudfunctions.functions.delete","cloudfunctions.functions.get","cloudfunctions.functions.list","cloudfunctions.functions.update","cloudfunctions.operations.get","firebase.projects.get"]
[debug] [2023-07-13T08:22:14.729Z] >>> [apiv2][query] POST https://cloudresourcemanager.googleapis.com/v1/projects/truckers-95774:testIamPermissions [none]
[debug] [2023-07-13T08:22:14.730Z] >>> [apiv2][(partial)header] POST https://cloudresourcemanager.googleapis.com/v1/projects/truckers-95774:testIamPermissions x-goog-quota-user=projects/truckers-95774
[debug] [2023-07-13T08:22:14.730Z] >>> [apiv2][body] POST https://cloudresourcemanager.googleapis.com/v1/projects/truckers-95774:testIamPermissions {"permissions":["cloudfunctions.functions.create","cloudfunctions.functions.delete","cloudfunctions.functions.get","cloudfunctions.functions.list","cloudfunctions.functions.update","cloudfunctions.operations.get","firebase.projects.get"]}
[debug] [2023-07-13T08:22:17.307Z] <<< [apiv2][status] POST https://cloudresourcemanager.googleapis.com/v1/projects/truckers-95774:testIamPermissions 200
[debug] [2023-07-13T08:22:17.308Z] <<< [apiv2][body] POST https://cloudresourcemanager.googleapis.com/v1/projects/truckers-95774:testIamPermissions {"permissions":["cloudfunctions.functions.create","cloudfunctions.functions.delete","cloudfunctions.functions.get","cloudfunctions.functions.list","cloudfunctions.functions.update","cloudfunctions.operations.get","firebase.projects.get"]}
[debug] [2023-07-13T08:22:17.309Z] >>> [apiv2][query] POST https://iam.googleapis.com/v1/projects/truckers-95774/serviceAccounts/truckers-95774@appspot.gserviceaccount.com:testIamPermissions [none]
[debug] [2023-07-13T08:22:17.309Z] >>> [apiv2][body] POST https://iam.googleapis.com/v1/projects/truckers-95774/serviceAccounts/truckers-95774@appspot.gserviceaccount.com:testIamPermissions {"permissions":["iam.serviceAccounts.actAs"]}
[debug] [2023-07-13T08:22:19.746Z] <<< [apiv2][status] POST https://iam.googleapis.com/v1/projects/truckers-95774/serviceAccounts/truckers-95774@appspot.gserviceaccount.com:testIamPermissions 200
[debug] [2023-07-13T08:22:19.746Z] <<< [apiv2][body] POST https://iam.googleapis.com/v1/projects/truckers-95774/serviceAccounts/truckers-95774@appspot.gserviceaccount.com:testIamPermissions {"permissions":["iam.serviceAccounts.actAs"]}
[info] 
[info] === Deploying to 'truckers-95774'...
[info] 
[info] i  deploying functions 
[info] Running command: npm --prefix "$RESOURCE_DIR" run lint
[info] +  functions: Finished running predeploy script. 
[debug] [2023-07-13T08:22:25.518Z] >>> [apiv2][query] GET https://firebase.googleapis.com/v1beta1/projects/truckers-95774 [none]
[debug] [2023-07-13T08:22:28.252Z] <<< [apiv2][status] GET https://firebase.googleapis.com/v1beta1/projects/truckers-95774 200
[debug] [2023-07-13T08:22:28.252Z] <<< [apiv2][body] GET https://firebase.googleapis.com/v1beta1/projects/truckers-95774 {"projectId":"truckers-95774","projectNumber":"1073817008230","displayName":"Truckers","name":"projects/truckers-95774","resources":{"hostingSite":"truckers-95774","realtimeDatabaseInstance":"truckers-95774-default-rtdb","storageBucket":"truckers-95774.appspot.com","locationId":"us-central"},"state":"ACTIVE","etag":"1_a400a5b3-9139-448d-a1f2-0e3b565f82a5"}
[info] i  functions: preparing codebase default for deployment 
[info] i  functions: ensuring required API cloudfunctions.googleapis.com is enabled... 
[info] i  functions: ensuring required API cloudbuild.googleapis.com is enabled... 
[info] i  artifactregistry: ensuring required API artifactregistry.googleapis.com is enabled... 
[debug] [2023-07-13T08:22:28.260Z] >>> [apiv2][query] GET https://serviceusage.googleapis.com/v1/projects/truckers-95774/services/cloudfunctions.googleapis.com [none]
[debug] [2023-07-13T08:22:28.260Z] >>> [apiv2][(partial)header] GET https://serviceusage.googleapis.com/v1/projects/truckers-95774/services/cloudfunctions.googleapis.com x-goog-quota-user=projects/truckers-95774
[debug] [2023-07-13T08:22:28.263Z] >>> [apiv2][query] GET https://serviceusage.googleapis.com/v1/projects/truckers-95774/services/runtimeconfig.googleapis.com [none]
[debug] [2023-07-13T08:22:28.264Z] >>> [apiv2][(partial)header] GET https://serviceusage.googleapis.com/v1/projects/truckers-95774/services/runtimeconfig.googleapis.com x-goog-quota-user=projects/truckers-95774
[debug] [2023-07-13T08:22:28.267Z] >>> [apiv2][query] GET https://serviceusage.googleapis.com/v1/projects/truckers-95774/services/cloudbuild.googleapis.com [none]
[debug] [2023-07-13T08:22:28.268Z] >>> [apiv2][(partial)header] GET https://serviceusage.googleapis.com/v1/projects/truckers-95774/services/cloudbuild.googleapis.com x-goog-quota-user=projects/truckers-95774
[debug] [2023-07-13T08:22:28.271Z] >>> [apiv2][query] GET https://serviceusage.googleapis.com/v1/projects/truckers-95774/services/artifactregistry.googleapis.com [none]
[debug] [2023-07-13T08:22:28.272Z] >>> [apiv2][(partial)header] GET https://serviceusage.googleapis.com/v1/projects/truckers-95774/services/artifactregistry.googleapis.com x-goog-quota-user=projects/truckers-95774
[debug] [2023-07-13T08:22:29.802Z] <<< [apiv2][status] GET https://serviceusage.googleapis.com/v1/projects/truckers-95774/services/runtimeconfig.googleapis.com 200
[debug] [2023-07-13T08:22:29.802Z] <<< [apiv2][body] GET https://serviceusage.googleapis.com/v1/projects/truckers-95774/services/runtimeconfig.googleapis.com [omitted]
[debug] [2023-07-13T08:22:31.170Z] <<< [apiv2][status] GET https://serviceusage.googleapis.com/v1/projects/truckers-95774/services/cloudbuild.googleapis.com 200
[debug] [2023-07-13T08:22:31.171Z] <<< [apiv2][body] GET https://serviceusage.googleapis.com/v1/projects/truckers-95774/services/cloudbuild.googleapis.com [omitted]
[info] +  functions: required API cloudbuild.googleapis.com is enabled 
[debug] [2023-07-13T08:22:31.176Z] <<< [apiv2][status] GET https://serviceusage.googleapis.com/v1/projects/truckers-95774/services/artifactregistry.googleapis.com 200
[debug] [2023-07-13T08:22:31.176Z] <<< [apiv2][body] GET https://serviceusage.googleapis.com/v1/projects/truckers-95774/services/artifactregistry.googleapis.com [omitted]
[info] +  artifactregistry: required API artifactregistry.googleapis.com is enabled 
[debug] [2023-07-13T08:22:31.211Z] <<< [apiv2][status] GET https://serviceusage.googleapis.com/v1/projects/truckers-95774/services/cloudfunctions.googleapis.com 200
[debug] [2023-07-13T08:22:31.212Z] <<< [apiv2][body] GET https://serviceusage.googleapis.com/v1/projects/truckers-95774/services/cloudfunctions.googleapis.com [omitted]
[info] +  functions: required API cloudfunctions.googleapis.com is enabled 
[debug] [2023-07-13T08:22:31.214Z] >>> [apiv2][query] GET https://firebase.googleapis.com/v1beta1/projects/truckers-95774/adminSdkConfig [none]
[debug] [2023-07-13T08:22:32.245Z] <<< [apiv2][status] GET https://firebase.googleapis.com/v1beta1/projects/truckers-95774/adminSdkConfig 200
[debug] [2023-07-13T08:22:32.245Z] <<< [apiv2][body] GET https://firebase.googleapis.com/v1beta1/projects/truckers-95774/adminSdkConfig {"projectId":"truckers-95774","databaseURL":"https://truckers-95774-default-rtdb.firebaseio.com","storageBucket":"truckers-95774.appspot.com","locationId":"us-central"}
[debug] [2023-07-13T08:22:32.247Z] >>> [apiv2][query] GET https://runtimeconfig.googleapis.com/v1beta1/projects/truckers-95774/configs [none]
[debug] [2023-07-13T08:22:33.134Z] <<< [apiv2][status] GET https://runtimeconfig.googleapis.com/v1beta1/projects/truckers-95774/configs 200
[debug] [2023-07-13T08:22:33.135Z] <<< [apiv2][body] GET https://runtimeconfig.googleapis.com/v1beta1/projects/truckers-95774/configs {}
[debug] [2023-07-13T08:22:33.137Z] Validating nodejs source
[debug] [2023-07-13T08:22:36.302Z] > [functions] package.json contents: {
  "name": "functions",
  "description": "Cloud Functions for Firebase",
  "scripts": {
    "lint": "eslint .",
    "serve": "firebase emulators:start --only functions",
    "shell": "firebase functions:shell",
    "start": "npm run shell",
    "deploy": "firebase deploy --only functions",
    "logs": "firebase functions:log"
  },
  "engines": {
    "node": "18"
  },
  "main": "index.js",
  "dependencies": {
    "firebase-admin": "^11.8.0",
    "firebase-functions": "^4.3.1"
  },
  "devDependencies": {
    "eslint": "^8.15.0",
    "eslint-config-google": "^0.14.0",
    "firebase-functions-test": "^3.1.0"
  },
  "private": true
}
[debug] [2023-07-13T08:22:36.302Z] Building nodejs source
[info] i  functions: Loading and anaylzing source code for codebase default to determine what to deploy 
[debug] [2023-07-13T08:22:36.305Z] Could not find functions.yaml. Must use http discovery
[debug] [2023-07-13T08:22:36.330Z] Found firebase-functions binary at 'C:\Users\PC\Documents\CODE\Truckers\truckersbs\functions\node_modules\.bin\firebase-functions'
[debug] [2023-07-13T08:22:36.621Z] Failed to call quitquitquit. This often means the server failed to start request to http://localhost:8322/__/quitquitquit failed, reason: connect ECONNREFUSED ::1:8322 {"message":"request to http://localhost:8322/__/quitquitquit failed, reason: connect ECONNREFUSED ::1:8322","type":"system","errno":"ECONNREFUSED","code":"ECONNREFUSED"}
[info] Serving at port 8322

[debug] [2023-07-13T08:22:46.627Z] FetchError: request to http://127.0.0.1:8322/__/functions.yaml failed, reason: Parse Error: Expected HTTP/
    at ClientRequest.<anonymous> (C:\Users\PC\.nvm\versions\node\v18.16.0\bin\node_modules\firebase-tools\node_modules\node-fetch\lib\index.js:1505:11)
    at ClientRequest.emit (node:events:513:28)
    at ClientRequest.emit (node:domain:489:12)
    at Socket.socketOnData (node:_http_client:551:9)
    at Socket.emit (node:events:513:28)
    at Socket.emit (node:domain:489:12)
    at addChunk (node:internal/streams/readable:324:12)
    at readableAddChunk (node:internal/streams/readable:297:9)
    at Readable.push (node:internal/streams/readable:234:10)
    at TCP.onStreamRead (node:internal/stream_base_commons:190:23)
[error] 
[error] Error: An unexpected error has occurred.
